0 info it worked if it ends with ok
1 verbose cli [ '/Users/austin/.nvm/versions/node/v4.9.1/bin/node',
1 verbose cli   '/Users/austin/.nvm/versions/node/v4.9.1/bin/npm',
1 verbose cli   'run',
1 verbose cli   'build' ]
2 info using npm@2.15.11
3 info using node@v4.9.1
4 verbose run-script [ 'prebuild', 'build', 'postbuild' ]
5 info prebuild humanapi-connect-client@1.1.1
6 info build humanapi-connect-client@1.1.1
7 verbose unsafe-perm in lifecycle true
8 info humanapi-connect-client@1.1.1 Failed to exec build script
9 verbose stack Error: humanapi-connect-client@1.1.1 build: `webpack`
9 verbose stack Exit status 1
9 verbose stack     at EventEmitter.<anonymous> (/Users/austin/.nvm/versions/node/v4.9.1/lib/node_modules/npm/lib/utils/lifecycle.js:217:16)
9 verbose stack     at emitTwo (events.js:87:13)
9 verbose stack     at EventEmitter.emit (events.js:172:7)
9 verbose stack     at ChildProcess.<anonymous> (/Users/austin/.nvm/versions/node/v4.9.1/lib/node_modules/npm/lib/utils/spawn.js:24:14)
9 verbose stack     at emitTwo (events.js:87:13)
9 verbose stack     at ChildProcess.emit (events.js:172:7)
9 verbose stack     at maybeClose (internal/child_process.js:862:16)
9 verbose stack     at Process.ChildProcess._handle.onexit (internal/child_process.js:222:5)
10 verbose pkgid humanapi-connect-client@1.1.1
11 verbose cwd /Users/austin/dev/humanapi-connect-client
12 error Darwin 17.7.0
13 error argv "/Users/austin/.nvm/versions/node/v4.9.1/bin/node" "/Users/austin/.nvm/versions/node/v4.9.1/bin/npm" "run" "build"
14 error node v4.9.1
15 error npm  v2.15.11
16 error code ELIFECYCLE
17 error humanapi-connect-client@1.1.1 build: `webpack`
17 error Exit status 1
18 error Failed at the humanapi-connect-client@1.1.1 build script 'webpack'.
18 error This is most likely a problem with the humanapi-connect-client package,
18 error not with npm itself.
18 error Tell the author that this fails on your system:
18 error     webpack
18 error You can get information on how to open an issue for this project with:
18 error     npm bugs humanapi-connect-client
18 error Or if that isn't available, you can get their info via:
18 error
18 error     npm owner ls humanapi-connect-client
18 error There is likely additional logging output above.
19 verbose exit [ 1, true ]
